<?xml version="1.0" encoding="UTF-8"?>
<coverage generated="1632469605913" clover="3.2.0">
  <project timestamp="1632469605913" name="All files">
    <metrics statements="13" coveredstatements="12" conditionals="10" coveredconditionals="8" methods="2" coveredmethods="2" elements="25" coveredelements="22" complexity="0" loc="13" ncloc="13" packages="1" files="1" classes="1"/>
    <file name="fizzbuzz.js" path="/Users/teo.wj/Documents/repositories/training/tdd/src/fizzbuzz.js">
      <metrics statements="13" coveredstatements="12" conditionals="10" coveredconditionals="8" methods="2" coveredmethods="2"/>
      <line num="1" count="1" type="stmt"/>
      <line num="2" count="6" type="stmt"/>
      <line num="4" count="6" type="cond" truecount="4" falsecount="0"/>
      <line num="5" count="2" type="stmt"/>
      <line num="8" count="4" type="cond" truecount="2" falsecount="0"/>
      <line num="9" count="2" type="stmt"/>
      <line num="12" count="2" type="cond" truecount="1" falsecount="1"/>
      <line num="13" count="2" type="stmt"/>
      <line num="17" count="1" type="stmt"/>
      <line num="18" count="6" type="cond" truecount="1" falsecount="1"/>
      <line num="19" count="0" type="stmt"/>
      <line num="23" count="1" type="stmt"/>
      <line num="28" count="1" type="stmt"/>
    </file>
  </project>
</coverage>
